<?xml version="1.0" encoding="UTF-8"?>
<testsuite name="com.phonebook.model.PhoneNumberTest" tests="4" skipped="0" failures="0" errors="0" timestamp="2025-12-15T11:58:19.374Z" hostname="DESKTOP-9E4V3QM" time="0.037">
  <properties/>
  <testcase name="testContainsSearch()" classname="com.phonebook.model.PhoneNumberTest" time="0.023"/>
  <testcase name="testPhoneNumberCreation()" classname="com.phonebook.model.PhoneNumberTest" time="0.004"/>
  <testcase name="testValidity()" classname="com.phonebook.model.PhoneNumberTest" time="0.001"/>
  <testcase name="testEqualsAndHashCode()" classname="com.phonebook.model.PhoneNumberTest" time="0.002"/>
  <system-out><![CDATA[]]></system-out>
  <system-err><![CDATA[]]></system-err>
</testsuite>
