<?xml version="1.0" encoding="UTF-8"?>
<testsuite name="com.phonebook.service.PhoneBookValidatorTest" tests="4" skipped="0" failures="0" errors="0" timestamp="2025-12-15T11:58:20.178Z" hostname="DESKTOP-9E4V3QM" time="0.01">
  <properties/>
  <testcase name="testIsValidPhoneNumber()" classname="com.phonebook.service.PhoneBookValidatorTest" time="0.001"/>
  <testcase name="testIsValidSubscriber()" classname="com.phonebook.service.PhoneBookValidatorTest" time="0.001"/>
  <testcase name="testValidateSubscriber()" classname="com.phonebook.service.PhoneBookValidatorTest" time="0.004"/>
  <testcase name="testValidatePhoneNumber()" classname="com.phonebook.service.PhoneBookValidatorTest" time="0.003"/>
  <system-out><![CDATA[]]></system-out>
  <system-err><![CDATA[]]></system-err>
</testsuite>
